README	fbd27a99	17749
arithchk.c	4bb1e54	4064
dmisc.c	e0d5f990	4773
dtoa.c	f59614cc	18235
g_Qfmt.c	ce0dd69	2945
g_Qfmt_p.c	fb5c0391	3352
g__fmt.c	1ce54774	4638
g_ddfmt.c	cb78a82	4286
g_ddfmt_p.c	e8060288	4890
g_dfmt.c	ebdfd6b1	2648
g_dfmt_p.c	32b3862	3061
g_ffmt.c	f037fcc2	2529
g_ffmt_p.c	7edb123	2844
g_xLfmt.c	eee688e	2792
g_xLfmt_p.c	e4f82595	3145
g_xfmt.c	7a908f5	2896
g_xfmt_p.c	1907a7a5	3349
gdtoa.c	15f30219	17420
gdtoa.h	eaadc6a8	5359
gdtoa_fltrnds.h	1aaf5112	421
gdtoaimp.h	131b5d0d	21889
gethex.c	e16371ae	7360
gmisc.c	1859d016	2084
hd_init.c	f561fe9c	2525
hexnan.c	e337dab	3636
makefile	1d70a257	3551
misc.c	1d181bfd	16141
printf.c	15c97ab	158
printf.c0	f8fda84b	29819
qnan.c	f8e9e8cf	3547
smisc.c	1d9fbad	3727
stdio1.h	b6acbbe	3058
strtoIQ.c	f3272d6f	2013
strtoId.c	fabd9105	2005
strtoIdd.c	11248808	2193
strtoIf.c	16750d29	1949
strtoIg.c	a0bcf2	3720
strtoIx.c	e7af77b4	2034
strtoIxL.c	a83e84a	2005
strtod.c	6a63adb	23026
strtodI.c	1e8708d3	4018
strtodg.c	189daf00	21924
strtodnrp.c	1489d0a1	2552
strtof.c	efc8e192	2200
strtopQ.c	e8127161	2729
strtopd.c	e17050bd	1765
strtopdd.c	e7851577	4668
strtopf.c	e8c661a1	2169
strtopx.c	f4cd73b2	2811
strtopxL.c	1fe9ea0f	2547
strtorQ.c	125fffcb	2968
strtord.c	f943330	2558
strtordd.c	9cf5b6b	5210
strtorf.c	1d26a04f	2459
strtorx.c	4055fd4	3058
strtorxL.c	fa548382	2794
sum.c	2bcf893	2518
ulp.c	edb56c0b	1866
